<?xml version="1.0" encoding="UTF-8"?>
<testsuite xmlns:xsi="http://www.w3.org/2001/XMLSchema-instance" xsi:noNamespaceSchemaLocation="https://maven.apache.org/surefire/maven-surefire-plugin/xsd/surefire-test-report-3.0.xsd" version="3.0" name="Login page title" time="13.577" tests="10" errors="0" skipped="0" failures="4">
  <properties>
[...]
</properties>
  <testcase name="" classname="Login page title" time="0.0">
    <system-out><![CDATA[
@Mytag
Scenario: Login page title                   &amp#27;[90m# src/test/java/Features/LoginPage.feature:4&amp#27;[0m
browser value is: chrome
12:43:31.543 [AsyncHttpClient-1-3] DEBUG io.netty.buffer.AbstractByteBuf - -Dio.netty.buffer.checkAccessible: true
12:43:31.543 [AsyncHttpClient-1-3] DEBUG io.netty.buffer.AbstractByteBuf - -Dio.netty.buffer.checkBounds: true
12:43:31.543 [AsyncHttpClient-1-3] DEBUG io.netty.util.ResourceLeakDetectorFactory - Loaded default ResourceLeakDetector: io.netty.util.ResourceLeakDetector@32a9d7db
12:43:31.562 [AsyncHttpClient-1-3] DEBUG io.netty.util.Recycler - -Dio.netty.recycler.maxCapacityPerThread: 4096
12:43:31.562 [AsyncHttpClient-1-3] DEBUG io.netty.util.Recycler - -Dio.netty.recycler.ratio: 8
12:43:31.562 [AsyncHttpClient-1-3] DEBUG io.netty.util.Recycler - -Dio.netty.recycler.chunkSize: 32
12:43:31.562 [AsyncHttpClient-1-3] DEBUG io.netty.util.Recycler - -Dio.netty.recycler.blocking: false
12:43:31.562 [AsyncHttpClient-1-3] DEBUG io.netty.util.Recycler - -Dio.netty.recycler.batchFastThreadLocalOnly: true
12:43:33.921 [AsyncHttpClient-1-3] DEBUG io.netty.handler.codec.compression.Brotli - brotli4j not in the classpath; Brotli support will be unavailable.
12:43:34.234 [pool-3-thread-1] DEBUG io.netty.util.internal.ThreadLocalRandom - -Dio.netty.initialSeedUniquifier: 0xcad07874b88050fa
12:43:34.572 [pool-3-thread-1] INFO  DriverFactory - Webdriver Created
12:43:34.576 [pool-3-thread-1] ERROR DriverFactory - Webdriver Created
12:43:34.576 [pool-3-thread-1] WARN  DriverFactory - Webdriver Created
]]></system-out>
    <system-err><![CDATA[SLF4J: No SLF4J providers were found.
SLF4J: Defaulting to no-operation (NOP) logger implementation
SLF4J: See https://www.slf4j.org/codes.html#noProviders for further details.
]]></system-err>
  </testcase>
  <testcase name="" classname="Login page title" time="0.0">
    <system-out><![CDATA[
@Mytag
Scenario: Login page title                   &amp#27;[90m# src/test/java/Features/LoginPageAgain.feature:4&amp#27;[0m
browser value is: chrome
12:43:30.485 [pool-3-thread-2] DEBUG io.netty.util.internal.logging.InternalLoggerFactory - Using Log4J2 as the default logging framework
12:43:30.495 [pool-3-thread-2] DEBUG io.netty.util.ResourceLeakDetector - -Dio.netty.leakDetection.level: simple
12:43:30.495 [pool-3-thread-2] DEBUG io.netty.util.ResourceLeakDetector - -Dio.netty.leakDetection.targetRecords: 4
12:43:30.499 [pool-3-thread-2] DEBUG io.netty.util.ResourceLeakDetectorFactory - Loaded default ResourceLeakDetector: io.netty.util.ResourceLeakDetector@6ba4d249
12:43:30.519 [pool-3-thread-2] DEBUG io.netty.util.internal.PlatformDependent0 - -Dio.netty.noUnsafe: false
12:43:30.519 [pool-3-thread-2] DEBUG io.netty.util.internal.PlatformDependent0 - Java version: 17
12:43:30.519 [pool-3-thread-2] DEBUG io.netty.util.internal.PlatformDependent0 - sun.misc.Unsafe.theUnsafe: available
12:43:30.520 [pool-3-thread-2] DEBUG io.netty.util.internal.PlatformDependent0 - sun.misc.Unsafe.copyMemory: available
12:43:30.520 [pool-3-thread-2] DEBUG io.netty.util.internal.PlatformDependent0 - sun.misc.Unsafe.storeFence: available
12:43:30.521 [pool-3-thread-2] DEBUG io.netty.util.internal.PlatformDependent0 - java.nio.Buffer.address: available
12:43:30.521 [pool-3-thread-2] DEBUG io.netty.util.internal.PlatformDependent0 - direct buffer constructor: unavailable: Reflective setAccessible(true) disabled
12:43:30.522 [pool-3-thread-2] DEBUG io.netty.util.internal.PlatformDependent0 - java.nio.Bits.unaligned: available, true
12:43:30.523 [pool-3-thread-2] DEBUG io.netty.util.internal.PlatformDependent0 - jdk.internal.misc.Unsafe.allocateUninitializedArray(int): unavailable: class io.netty.util.internal.PlatformDependent0$7 cannot access class jdk.internal.misc.Unsafe (in module java.base) because module java.base does not export jdk.internal.misc to unnamed module @3159c4b8
12:43:30.525 [pool-3-thread-2] DEBUG io.netty.util.internal.PlatformDependent0 - java.nio.DirectByteBuffer.<init>(long, int): unavailable
12:43:30.526 [pool-3-thread-2] DEBUG io.netty.util.internal.PlatformDependent - sun.misc.Unsafe: available
12:43:30.526 [pool-3-thread-2] DEBUG io.netty.util.internal.PlatformDependent - maxDirectMemory: 2095054848 bytes (maybe)
12:43:30.526 [pool-3-thread-2] DEBUG io.netty.util.internal.PlatformDependent - -Dio.netty.tmpdir: C:\Users\lenovo\AppData\Local\Temp (java.io.tmpdir)
12:43:30.527 [pool-3-thread-2] DEBUG io.netty.util.internal.PlatformDependent - -Dio.netty.bitMode: 64 (sun.arch.data.model)
12:43:30.527 [pool-3-thread-2] DEBUG io.netty.util.internal.PlatformDependent - Platform: Windows
12:43:30.527 [pool-3-thread-2] DEBUG io.netty.util.internal.PlatformDependent - -Dio.netty.maxDirectMemory: -1 bytes
12:43:30.527 [pool-3-thread-2] DEBUG io.netty.util.internal.PlatformDependent - -Dio.netty.uninitializedArrayAllocationThreshold: -1
12:43:30.529 [pool-3-thread-2] DEBUG io.netty.util.internal.CleanerJava9 - java.nio.ByteBuffer.cleaner(): available
12:43:30.529 [pool-3-thread-2] DEBUG io.netty.util.internal.PlatformDependent - -Dio.netty.noPreferDirect: false
12:43:30.534 [pool-3-thread-2] DEBUG io.netty.util.internal.PlatformDependent - org.jctools-core.MpscChunkedArrayQueue: available
12:43:30.551 [pool-3-thread-2] DEBUG io.netty.util.internal.InternalThreadLocalMap - -Dio.netty.threadLocalMap.stringBuilder.initialSize: 1024
12:43:30.551 [pool-3-thread-2] DEBUG io.netty.util.internal.InternalThreadLocalMap - -Dio.netty.threadLocalMap.stringBuilder.maxSize: 4096
12:43:30.564 [pool-3-thread-2] DEBUG io.netty.handler.ssl.JdkSslContext - Default protocols (JDK): [TLSv1.3, TLSv1.2] 
12:43:30.564 [pool-3-thread-2] DEBUG io.netty.handler.ssl.JdkSslContext - Default cipher suites (JDK): [TLS_ECDHE_ECDSA_WITH_AES_256_GCM_SHA384, TLS_ECDHE_ECDSA_WITH_AES_128_GCM_SHA256, TLS_ECDHE_RSA_WITH_AES_128_GCM_SHA256, TLS_ECDHE_RSA_WITH_AES_256_GCM_SHA384, TLS_ECDHE_RSA_WITH_AES_128_CBC_SHA, TLS_ECDHE_RSA_WITH_AES_256_CBC_SHA, TLS_RSA_WITH_AES_128_GCM_SHA256, TLS_RSA_WITH_AES_128_CBC_SHA, TLS_RSA_WITH_AES_256_CBC_SHA, TLS_AES_128_GCM_SHA256, TLS_AES_256_GCM_SHA384]
12:43:30.576 [pool-3-thread-2] DEBUG io.netty.util.concurrent.GlobalEventExecutor - -Dio.netty.globalEventExecutor.quietPeriodSeconds: 1
12:43:30.589 [pool-3-thread-2] DEBUG io.netty.channel.MultithreadEventLoopGroup - -Dio.netty.eventLoopThreads: 8
12:43:30.598 [pool-3-thread-2] DEBUG io.netty.channel.nio.NioEventLoop - -Dio.netty.noKeySetOptimization: false
12:43:30.598 [pool-3-thread-2] DEBUG io.netty.channel.nio.NioEventLoop - -Dio.netty.selectorAutoRebuildThreshold: 512
12:43:30.638 [pool-3-thread-2] DEBUG io.netty.buffer.PooledByteBufAllocator - -Dio.netty.allocator.numHeapArenas: 8
12:43:30.638 [pool-3-thread-2] DEBUG io.netty.buffer.PooledByteBufAllocator - -Dio.netty.allocator.numDirectArenas: 8
12:43:30.638 [pool-3-thread-2] DEBUG io.netty.buffer.PooledByteBufAllocator - -Dio.netty.allocator.pageSize: 8192
12:43:30.638 [pool-3-thread-2] DEBUG io.netty.buffer.PooledByteBufAllocator - -Dio.netty.allocator.maxOrder: 9
12:43:30.639 [pool-3-thread-2] DEBUG io.netty.buffer.PooledByteBufAllocator - -Dio.netty.allocator.chunkSize: 4194304
12:43:30.639 [pool-3-thread-2] DEBUG io.netty.buffer.PooledByteBufAllocator - -Dio.netty.allocator.smallCacheSize: 256
12:43:30.639 [pool-3-thread-2] DEBUG io.netty.buffer.PooledByteBufAllocator - -Dio.netty.allocator.normalCacheSize: 64
12:43:30.639 [pool-3-thread-2] DEBUG io.netty.buffer.PooledByteBufAllocator - -Dio.netty.allocator.maxCachedBufferCapacity: 32768
12:43:30.639 [pool-3-thread-2] DEBUG io.netty.buffer.PooledByteBufAllocator - -Dio.netty.allocator.cacheTrimInterval: 8192
12:43:30.639 [pool-3-thread-2] DEBUG io.netty.buffer.PooledByteBufAllocator - -Dio.netty.allocator.cacheTrimIntervalMillis: 0
12:43:30.639 [pool-3-thread-2] DEBUG io.netty.buffer.PooledByteBufAllocator - -Dio.netty.allocator.useCacheForAllThreads: false
12:43:30.639 [pool-3-thread-2] DEBUG io.netty.buffer.PooledByteBufAllocator - -Dio.netty.allocator.maxCachedByteBuffersPerChunk: 1023
12:43:30.652 [pool-3-thread-2] DEBUG io.netty.buffer.ByteBufUtil - -Dio.netty.allocator.type: pooled
12:43:30.652 [pool-3-thread-2] DEBUG io.netty.buffer.ByteBufUtil - -Dio.netty.threadLocalDirectBufferSize: 0
12:43:30.652 [pool-3-thread-2] DEBUG io.netty.buffer.ByteBufUtil - -Dio.netty.maxThreadLocalCharBufferSize: 16384
12:43:31.476 [Forwarding newSession on session null to remote] DEBUG io.netty.channel.DefaultChannelId - -Dio.netty.processId: 20076 (auto-detected)
12:43:31.479 [Forwarding newSession on session null to remote] DEBUG io.netty.util.NetUtil - -Djava.net.preferIPv4Stack: false
12:43:31.479 [Forwarding newSession on session null to remote] DEBUG io.netty.util.NetUtil - -Djava.net.preferIPv6Addresses: false
12:43:31.487 [Forwarding newSession on session null to remote] DEBUG io.netty.util.NetUtilInitializations - Loopback interface: lo (Software Loopback Interface 1, 127.0.0.1)
12:43:31.489 [Forwarding newSession on session null to remote] DEBUG io.netty.util.NetUtil - Failed to get SOMAXCONN from sysctl and file \proc\sys\net\core\somaxconn. Default: 200
12:43:31.507 [Forwarding newSession on session null to remote] DEBUG io.netty.channel.DefaultChannelId - -Dio.netty.machineId: c4:75:ab:ff:fe:07:80:55 (auto-detected)
12:43:34.670 [pool-3-thread-2] INFO  DriverFactory - Webdriver Created
12:43:34.670 [pool-3-thread-2] ERROR DriverFactory - Webdriver Created
12:43:34.670 [pool-3-thread-2] WARN  DriverFactory - Webdriver Created
]]></system-out>
  </testcase>
  <testcase name="" classname="Login page title" time="0.0">
    <failure type="java.lang.AssertionError"><![CDATA[java.lang.AssertionError
	at org.junit.Assert.fail(Assert.java:87)
	at org.junit.Assert.assertTrue(Assert.java:42)
	at org.junit.Assert.assertTrue(Assert.java:53)
	at stepdefinitions.LoginPageSteps.page_title_should_be(LoginPageSteps.java:37)
	at ✽.page title should be "IngParaBanking"(file:///D:/Nilesh%20PP/Hackthon/BinaryBrains/src/test/java/Features/LoginPageAgain.feature:7)
]]></failure>
  </testcase>
  <testcase name="" classname="Login page title" time="0.0">
    <failure type="java.lang.AssertionError"><![CDATA[java.lang.AssertionError
	at org.junit.Assert.fail(Assert.java:87)
	at org.junit.Assert.assertTrue(Assert.java:42)
	at org.junit.Assert.assertTrue(Assert.java:53)
	at stepdefinitions.LoginPageSteps.page_title_should_be(LoginPageSteps.java:37)
	at ✽.page title should be "IngParaBanking"(file:///D:/Nilesh%20PP/Hackthon/BinaryBrains/src/test/java/Features/LoginPage.feature:7)
]]></failure>
  </testcase>
  <testcase name="user is on login page" classname="Login page title" time="5.488">
    <system-out><![CDATA[12:43:34.585 [pool-3-thread-1] INFO  stepdefinitions.LoginPageSteps - User is navigating to login page
]]></system-out>
  </testcase>
  <testcase name="user is on login page" classname="Login page title" time="5.091">
    <system-out><![CDATA[12:43:34.672 [pool-3-thread-2] INFO  stepdefinitions.LoginPageSteps - User is navigating to login page
]]></system-out>
  </testcase>
  <testcase name="user gets the title of the page" classname="Login page title" time="0.03">
    <system-out><![CDATA[Page title is: ParaBank | Welcome | Online Banking
]]></system-out>
  </testcase>
  <testcase name="user gets the title of the page" classname="Login page title" time="0.016">
    <system-out><![CDATA[Page title is: ParaBank | Welcome | Online Banking
]]></system-out>
  </testcase>
  <testcase name="page title should be &quot;IngParaBanking&quot;" classname="Login page title" time="0.021">
    <failure type="java.lang.AssertionError"><![CDATA[java.lang.AssertionError
	at org.junit.Assert.fail(Assert.java:87)
	at org.junit.Assert.assertTrue(Assert.java:42)
	at org.junit.Assert.assertTrue(Assert.java:53)
	at stepdefinitions.LoginPageSteps.page_title_should_be(LoginPageSteps.java:37)
	at ✽.page title should be "IngParaBanking"(file:///D:/Nilesh%20PP/Hackthon/BinaryBrains/src/test/java/Features/LoginPageAgain.feature:7)
]]></failure>
  </testcase>
  <testcase name="page title should be &quot;IngParaBanking&quot;" classname="Login page title" time="0.0">
    <failure type="java.lang.AssertionError"><![CDATA[java.lang.AssertionError
	at org.junit.Assert.fail(Assert.java:87)
	at org.junit.Assert.assertTrue(Assert.java:42)
	at org.junit.Assert.assertTrue(Assert.java:53)
	at stepdefinitions.LoginPageSteps.page_title_should_be(LoginPageSteps.java:37)
	at ✽.page title should be "IngParaBanking"(file:///D:/Nilesh%20PP/Hackthon/BinaryBrains/src/test/java/Features/LoginPage.feature:7)
]]></failure>
  </testcase>
</testsuite>